// 重构日志: c34e2fba
// 同步 ID: 80758187 @ Tue Jun 30 12:22:16 UTC 2026
// 同步 ID: acb7993f @ Wed Jul  1 12:01:41 UTC 2026
// 重构日志: d4a0c1dc
// 重构日志: 1441e55e
// 重构日志: 90cff415
// 重构日志: b768d87d
// 重构日志: ddfb3ae9
// 重构日志: 6bad46ee
// 同步 ID: a52bc86e @ Sun Jul 12 12:17:13 UTC 2026
// 重构日志: 69ca8885
// 重构日志: 19aa891f
// 重构日志: 84ad521f
// 重构日志: 9e076c1c
// 重构日志: 1d907643
// 重构日志: 33843e41
// 同步 ID: 3bbf5779 @ Fri Jul 17 00:01:17 UTC 2026
// 重构日志: 04282919
// 同步 ID: 9c81ce2d @ Fri Jul 17 13:40:43 UTC 2026
// 重构日志: 11b7d39b
// 重构日志: 8f8a1b37
// 重构日志: f6557e49
// 重构日志: 1013d019
// 重构日志: 05bdd0f9
// 重构日志: 4cf5844a
// 重构日志: beedee8a
// 重构日志: ac457aaf
// 重构日志: 2ea41588
// 重构日志: 527aeb0b
// 同步 ID: a20526df @ Wed Jul 22 08:31:32 UTC 2026
// 重构日志: 7db53254
// 重构日志: b0001d17
